#-----------------------------------------------------------
# Vivado v2016.4 (64-bit)
# SW Build 1756540 on Mon Jan 23 19:11:23 MST 2017
# IP Build 1755317 on Mon Jan 23 20:30:07 MST 2017
# Start of session at: Mon Apr 03 22:11:03 2017
# Process ID: 5932
# Current directory: D:/Desktop/MyWork/EE2020_myDAC_square_gen_working.xpr/EE2020_myDAC_monday morning.xpr/EE2020_myDAC
# Command line: vivado.exe -gui_launcher_event rodinguilauncherevent19516 D:\Desktop\MyWork\EE2020_myDAC_square_gen_working.xpr\EE2020_myDAC_monday morning.xpr\EE2020_myDAC\EE2020_myDAC.xpr
# Log file: D:/Desktop/MyWork/EE2020_myDAC_square_gen_working.xpr/EE2020_myDAC_monday morning.xpr/EE2020_myDAC/vivado.log
# Journal file: D:/Desktop/MyWork/EE2020_myDAC_square_gen_working.xpr/EE2020_myDAC_monday morning.xpr/EE2020_myDAC\vivado.jou
#-----------------------------------------------------------
start_gui
open_project {D:/Desktop/MyWork/EE2020_myDAC_square_gen_working.xpr/EE2020_myDAC_monday morning.xpr/EE2020_myDAC/EE2020_myDAC.xpr}
INFO: [ProjectBase 1-489] The host OS only allows 260 characters in a normal path. The project is stored in a path with more than 80 characters. If you experience issues with IP, Block Designs, or files not being found, please consider moving the project to a location with a shorter path. Alternately consider using the OS subst command to map part of the path to a drive letter.
Current project path is 'D:/Desktop/MyWork/EE2020_myDAC_square_gen_working.xpr/EE2020_myDAC_monday morning.xpr/EE2020_myDAC'
Scanning sources...
Finished scanning sources
INFO: [IP_Flow 19-234] Refreshing IP repositories
INFO: [IP_Flow 19-1704] No user IP repositories specified
INFO: [IP_Flow 19-2313] Loaded Vivado IP repository 'C:/Xilinx/Vivado/2016.4/data/ip'.
set_property is_enabled false [get_files  {{D:/Desktop/MyWork/EE2020_myDAC_square_gen_working.xpr/EE2020_myDAC_monday morning.xpr/EE2020_myDAC/EE2020_myDAC.srcs/sources_1/new/gen_ramp_square_wave.v} {D:/Desktop/MyWork/EE2020_myDAC_square_gen_working.xpr/EE2020_myDAC_monday morning.xpr/EE2020_myDAC/EE2020_myDAC.srcs/sources_1/new/gen_tri_square_wave.v}}]
archive_project {D:/Desktop/MyWork/EE2020_myDAC_square_gen_working.xpr/EE2020_myDAC_monday morning.xpr/Project_Wednesday_LokHanWeiKelvin_A0149890N.xpr.zip} -temp_dir {D:/Desktop/MyWork/EE2020_myDAC_square_gen_working.xpr/EE2020_myDAC_monday morning.xpr/EE2020_myDAC/.Xil/Vivado-5932-BLACK-LAPTOP} -force -include_config_settings
INFO: [Coretcl 2-137] starting archive...
INFO: [Coretcl 2-1499] Saving project copy to temporary location 'D:/Desktop/MyWork/EE2020_myDAC_square_gen_working.xpr/EE2020_myDAC_monday morning.xpr/EE2020_myDAC/.Xil/Vivado-5932-BLACK-LAPTOP' for archiving project
INFO: [ProjectBase 1-489] The host OS only allows 260 characters in a normal path. The project is stored in a path with more than 80 characters. If you experience issues with IP, Block Designs, or files not being found, please consider moving the project to a location with a shorter path. Alternately consider using the OS subst command to map part of the path to a drive letter.
Current project path is 'D:/Desktop/MyWork/EE2020_myDAC_square_gen_working.xpr/EE2020_myDAC_monday morning.xpr/EE2020_myDAC'
Scanning sources...
Finished scanning sources
INFO: [IP_Flow 19-234] Refreshing IP repositories
INFO: [IP_Flow 19-1704] No user IP repositories specified
INFO: [IP_Flow 19-2313] Loaded Vivado IP repository 'C:/Xilinx/Vivado/2016.4/data/ip'.
INFO: [Coretcl 2-1211] Creating project copy for archival...
INFO: [ProjectBase 1-495] The host OS only allows 260 characters in a normal path. The project is stored in a path with more than 80 characters. If you experience any problem with archiving the project, please consider setting environment variable $TEMP to a shorter path.
Current project path is 'D:/Desktop/MyWork/EE2020_myDAC_square_gen_working.xpr/EE2020_myDAC_monday morning.xpr/EE2020_myDAC/.Xil/Vivado-5932-BLACK-LAPTOP/PrjAr/_X_'.
INFO: [Coretcl 2-1213] Including run results for 'synth_1'
INFO: [Coretcl 2-1213] Including run results for 'cordic_1_synth_1'
INFO: [Coretcl 2-1213] Including run results for 'impl_1'
INFO: [Coretcl 2-133] re-setting run 'cordic_1_impl_1'...
INFO: [Coretcl 2-1212] Importing remotely added design sources and verilog include files (if any)...
INFO: [filemgmt 20-334] All file(s) are already imported in fileset: 'cordic_1'
INFO: [filemgmt 20-348] Importing the appropriate files for fileset: 'cordic_1'
INFO: [filemgmt 20-334] All file(s) are already imported in fileset: 'constrs_1'
INFO: [filemgmt 20-348] Importing the appropriate files for fileset: 'constrs_1'
INFO: [filemgmt 20-334] All file(s) are already imported in fileset: 'sim_1'
INFO: [filemgmt 20-348] Importing the appropriate files for fileset: 'sim_1'
INFO: [filemgmt 20-348] Importing the appropriate files for fileset: 'sources_1'
